  Source.cpp
D:\GameAlgorithmsAndGems\Snotify_cVectainer_DLinkedList\Snotify\cVectainer.h(128,28): warning C4018: '>': signed/unsigned mismatch
  (compiling source file 'Source.cpp')
  D:\GameAlgorithmsAndGems\Snotify_cVectainer_DLinkedList\Snotify\cVectainer.h(128,28):
  the template instantiation context (the oldest one first) is
  	D:\GameAlgorithmsAndGems\Snotify_cVectainer_DLinkedList\Snotify\cPerson.h(66,20):
  	see reference to class template instantiation 'cVectainer<cSong>' being compiled
  	D:\GameAlgorithmsAndGems\Snotify_cVectainer_DLinkedList\Snotify\cVectainer.h(126,1):
  	while compiling class template member function 'T &cVectainer<T>::getAt(int)'
          with
          [
              T=cSong
          ]
  		D:\GameAlgorithmsAndGems\Snotify_cVectainer_DLinkedList\Snotify\Source.cpp(41,16):
  		see the first reference to 'cVectainer<cSong>::getAt' in 'main'
  
  Generating code
  1 of 345 functions ( 0.3%) were compiled, the rest were copied from previous compilation.
    0 functions were new in current compilation
    0 functions had inline decision re-evaluated but remain unchanged
  Finished generating code
  Snotify.vcxproj -> D:\GameAlgorithmsAndGems\Snotify_cVectainer_DLinkedList\Snotify\x64\Release\Snotify.exe
